# JRE version: OpenJDK Runtime Environment (8.0_152-b01) (build 1.8.0_152-release-1024-b01)
# Java VM: OpenJDK 64-Bit Server VM (25.152-b01 mixed mode linux-amd64 compressed oops)
Heap:
 PSYoungGen      total 205312K, used 4419K [0x00000000e0000000, 0x00000000edf00000, 0x0000000100000000)
  eden space 184832K, 0% used [0x00000000e0000000,0x00000000e0000000,0x00000000eb480000)
  from space 20480K, 21% used [0x00000000eb480000,0x00000000eb8d0f00,0x00000000ec880000)
  to   space 13824K, 0% used [0x00000000ec880000,0x00000000ec880000,0x00000000ed600000)
 ParOldGen       total 48128K, used 43308K [0x00000000a0000000, 0x00000000a2f00000, 0x00000000e0000000)
  object space 48128K, 89% used [0x00000000a0000000,0x00000000a2a4b290,0x00000000a2f00000)
 Metaspace       used 56818K, capacity 58588K, committed 58840K, reserved 1099776K
  class space    used 7697K, capacity 8085K, committed 8192K, reserved 1048576K
GC Heap History (10 events):
Event: 8,170 GC heap after
Heap after GC invocations=10 (full 1):
 PSYoungGen      total 127488K, used 8690K [0x00000000e0000000, 0x00000000e9900000, 0x0000000100000000)
  eden space 118784K, 0% used [0x00000000e0000000,0x00000000e0000000,0x00000000e7400000)
  from space 8704K, 99% used [0x00000000e7400000,0x00000000e7c7cbb8,0x00000000e7c80000)
  to   space 11264K, 0% used [0x00000000e8e00000,0x00000000e8e00000,0x00000000e9900000)
 ParOldGen       total 35328K, used 11682K [0x00000000a0000000, 0x00000000a2280000, 0x00000000e0000000)
  object space 35328K, 33% used [0x00000000a0000000,0x00000000a0b68900,0x00000000a2280000)
 Metaspace       used 33549K, capacity 34200K, committed 34432K, reserved 1079296K
  class space    used 4678K, capacity 4896K, committed 4992K, reserved 1048576K
}
Event: 11,103 GC heap before
{Heap before GC invocations=11 (full 1):
 PSYoungGen      total 127488K, used 14841K [0x00000000e0000000, 0x00000000e9900000, 0x0000000100000000)
  eden space 118784K, 5% used [0x00000000e0000000,0x00000000e0601b38,0x00000000e7400000)
  from space 8704K, 99% used [0x00000000e7400000,0x00000000e7c7cbb8,0x00000000e7c80000)
  to   space 11264K, 0% used [0x00000000e8e00000,0x00000000e8e00000,0x00000000e9900000)
 ParOldGen       total 35328K, used 11682K [0x00000000a0000000, 0x00000000a2280000, 0x00000000e0000000)
  object space 35328K, 33% used [0x00000000a0000000,0x00000000a0b68900,0x00000000a2280000)
 Metaspace       used 34764K, capacity 35332K, committed 35416K, reserved 1079296K
  class space    used 4786K, capacity 4974K, committed 4992K, reserved 1048576K
Event: 11,225 GC heap after
Heap after GC invocations=11 (full 1):
 PSYoungGen      total 145408K, used 7721K [0x00000000e0000000, 0x00000000ec580000, 0x0000000100000000)
  eden space 134144K, 0% used [0x00000000e0000000,0x00000000e0000000,0x00000000e8300000)
  from space 11264K, 68% used [0x00000000e8e00000,0x00000000e958a7d0,0x00000000e9900000)
  to   space 11264K, 0% used [0x00000000e8300000,0x00000000e8300000,0x00000000e8e00000)
 ParOldGen       total 35328K, used 11690K [0x00000000a0000000, 0x00000000a2280000, 0x00000000e0000000)
  object space 35328K, 33% used [0x00000000a0000000,0x00000000a0b6a900,0x00000000a2280000)
 Metaspace       used 34764K, capacity 35332K, committed 35416K, reserved 1079296K
  class space    used 4786K, capacity 4974K, committed 4992K, reserved 1048576K
}
Event: 11,225 GC heap before
{Heap before GC invocations=12 (full 2):
 PSYoungGen      total 145408K, used 7721K [0x00000000e0000000, 0x00000000ec580000, 0x0000000100000000)
  eden space 134144K, 0% used [0x00000000e0000000,0x00000000e0000000,0x00000000e8300000)
  from space 11264K, 68% used [0x00000000e8e00000,0x00000000e958a7d0,0x00000000e9900000)
  to   space 11264K, 0% used [0x00000000e8300000,0x00000000e8300000,0x00000000e8e00000)
 ParOldGen       total 35328K, used 11690K [0x00000000a0000000, 0x00000000a2280000, 0x00000000e0000000)
  object space 35328K, 33% used [0x00000000a0000000,0x00000000a0b6a900,0x00000000a2280000)
 Metaspace       used 34764K, capacity 35332K, committed 35416K, reserved 1079296K
  class space    used 4786K, capacity 4974K, committed 4992K, reserved 1048576K
Event: 11,581 GC heap after
Heap after GC invocations=12 (full 2):
 PSYoungGen      total 145408K, used 0K [0x00000000e0000000, 0x00000000ec580000, 0x0000000100000000)
  eden space 134144K, 0% used [0x00000000e0000000,0x00000000e0000000,0x00000000e8300000)
  from space 11264K, 0% used [0x00000000e8e00000,0x00000000e8e00000,0x00000000e9900000)
  to   space 11264K, 0% used [0x00000000e8300000,0x00000000e8300000,0x00000000e8e00000)
 ParOldGen       total 48128K, used 14251K [0x00000000a0000000, 0x00000000a2f00000, 0x00000000e0000000)
  object space 48128K, 29% used [0x00000000a0000000,0x00000000a0deaf08,0x00000000a2f00000)
 Metaspace       used 34764K, capacity 35332K, committed 35416K, reserved 1079296K
  class space    used 4786K, capacity 4974K, committed 4992K, reserved 1048576K
}
Event: 14,198 GC heap before
{Heap before GC invocations=13 (full 2):
 PSYoungGen      total 145408K, used 134144K [0x00000000e0000000, 0x00000000ec580000, 0x0000000100000000)
  eden space 134144K, 100% used [0x00000000e0000000,0x00000000e8300000,0x00000000e8300000)
  from space 11264K, 0% used [0x00000000e8e00000,0x00000000e8e00000,0x00000000e9900000)
  to   space 11264K, 0% used [0x00000000e8300000,0x00000000e8300000,0x00000000e8e00000)
 ParOldGen       total 48128K, used 14251K [0x00000000a0000000, 0x00000000a2f00000, 0x00000000e0000000)
  object space 48128K, 29% used [0x00000000a0000000,0x00000000a0deaf08,0x00000000a2f00000)
 Metaspace       used 45108K, capacity 46050K, committed 46168K, reserved 1089536K
  class space    used 6185K, capacity 6466K, committed 6528K, reserved 1048576K
Event: 14,215 GC heap after
Heap after GC invocations=13 (full 2):
 PSYoungGen      total 145408K, used 11236K [0x00000000e0000000, 0x00000000ed600000, 0x0000000100000000)
  eden space 134144K, 0% used [0x00000000e0000000,0x00000000e0000000,0x00000000e8300000)
  from space 11264K, 99% used [0x00000000e8300000,0x00000000e8df91b0,0x00000000e8e00000)
  to   space 13824K, 0% used [0x00000000ec880000,0x00000000ec880000,0x00000000ed600000)
 ParOldGen       total 48128K, used 17338K [0x00000000a0000000, 0x00000000a2f00000, 0x00000000e0000000)
  object space 48128K, 36% used [0x00000000a0000000,0x00000000a10ee850,0x00000000a2f00000)
 Metaspace       used 45108K, capacity 46050K, committed 46168K, reserved 1089536K
  class space    used 6185K, capacity 6466K, committed 6528K, reserved 1048576K
}
Event: 17,558 GC heap before
{Heap before GC invocations=14 (full 2):
 PSYoungGen      total 145408K, used 145380K [0x00000000e0000000, 0x00000000ed600000, 0x0000000100000000)
  eden space 134144K, 100% used [0x00000000e0000000,0x00000000e8300000,0x00000000e8300000)
  from space 11264K, 99% used [0x00000000e8300000,0x00000000e8df91b0,0x00000000e8e00000)
  to   space 13824K, 0% used [0x00000000ec880000,0x00000000ec880000,0x00000000ed600000)
 ParOldGen       total 48128K, used 17338K [0x00000000a0000000, 0x00000000a2f00000, 0x00000000e0000000)
  object space 48128K, 36% used [0x00000000a0000000,0x00000000a10ee850,0x00000000a2f00000)
 Metaspace       used 54088K, capacity 55734K, committed 55896K, reserved 1097728K
  class space    used 7417K, capacity 7806K, committed 7808K, reserved 1048576K
Event: 17,607 GC heap after
Heap after GC invocations=14 (full 2):
 PSYoungGen      total 198656K, used 13805K [0x00000000e0000000, 0x00000000edf00000, 0x0000000100000000)
  eden space 184832K, 0% used [0x00000000e0000000,0x00000000e0000000,0x00000000eb480000)
  from space 13824K, 99% used [0x00000000ec880000,0x00000000ed5fb500,0x00000000ed600000)
  to   space 20480K, 0% used [0x00000000eb480000,0x00000000eb480000,0x00000000ec880000)
 ParOldGen       total 48128K, used 29863K [0x00000000a0000000, 0x00000000a2f00000, 0x00000000e0000000)
  object space 48128K, 62% used [0x00000000a0000000,0x00000000a1d29d78,0x00000000a2f00000)
 Metaspace       used 54088K, capacity 55734K, committed 55896K, reserved 1097728K
  class space    used 7417K, capacity 7806K, committed 7808K, reserved 1048576K
}
Event: 23,070 GC heap before
{Heap before GC invocations=15 (full 2):
 PSYoungGen      total 198656K, used 198637K [0x00000000e0000000, 0x00000000edf00000, 0x0000000100000000)
  eden space 184832K, 100% used [0x00000000e0000000,0x00000000eb480000,0x00000000eb480000)
  from space 13824K, 99% used [0x00000000ec880000,0x00000000ed5fb500,0x00000000ed600000)
  to   space 20480K, 0% used [0x00000000eb480000,0x00000000eb480000,0x00000000ec880000)
 ParOldGen       total 48128K, used 29863K [0x00000000a0000000, 0x00000000a2f00000, 0x00000000e0000000)
  object space 48128K, 62% used [0x00000000a0000000,0x00000000a1d29d78,0x00000000a2f00000)
 Metaspace       used 56818K, capacity 58588K, committed 58840K, reserved 1099776K
  class space    used 7697K, capacity 8085K, committed 8192K, reserved 1048576K

